0 info it worked if it ends with ok
1 verbose cli [ 'C:\\Program Files\\nodejs\\node.exe',
1 verbose cli   'C:\\Program Files\\nodejs\\node_modules\\npm\\bin\\npm-cli.js',
1 verbose cli   'install',
1 verbose cli   'bower',
1 verbose cli   '--save' ]
2 info using npm@3.10.10
3 info using node@v6.10.0
4 silly loadCurrentTree Starting
5 silly install loadCurrentTree
6 silly install readLocalPackageData
7 silly fetchPackageMetaData bower
8 silly fetchNamedPackageData bower
9 silly mapToRegistry name bower
10 silly mapToRegistry using default registry
11 silly mapToRegistry registry https://registry.npmjs.org/
12 silly mapToRegistry data Result {
12 silly mapToRegistry   raw: 'bower',
12 silly mapToRegistry   scope: null,
12 silly mapToRegistry   escapedName: 'bower',
12 silly mapToRegistry   name: 'bower',
12 silly mapToRegistry   rawSpec: '',
12 silly mapToRegistry   spec: 'latest',
12 silly mapToRegistry   type: 'tag' }
13 silly mapToRegistry uri https://registry.npmjs.org/bower
14 verbose request uri https://registry.npmjs.org/bower
15 verbose request no auth needed
16 info attempt registry request try #1 at 5:01:40 AM
17 verbose request id 745944f398dd1598
18 verbose etag W/"58d6d3fc-2af52"
19 verbose lastModified Sat, 25 Mar 2017 20:33:00 GMT
20 http request GET https://registry.npmjs.org/bower
21 http 304 https://registry.npmjs.org/bower
22 verbose headers { date: 'Wed, 29 Mar 2017 05:01:42 GMT',
22 verbose headers   via: '1.1 varnish',
22 verbose headers   'cache-control': 'max-age=300',
22 verbose headers   etag: 'W/"58d6d3fc-2af52"',
22 verbose headers   age: '188',
22 verbose headers   connection: 'keep-alive',
22 verbose headers   'x-served-by': 'cache-sin18028-SIN',
22 verbose headers   'x-cache': 'HIT',
22 verbose headers   'x-cache-hits': '2',
22 verbose headers   'x-timer': 'S1490763702.391456,VS0,VE0',
22 verbose headers   vary: 'Accept-Encoding' }
23 silly get cb [ 304,
23 silly get   { date: 'Wed, 29 Mar 2017 05:01:42 GMT',
23 silly get     via: '1.1 varnish',
23 silly get     'cache-control': 'max-age=300',
23 silly get     etag: 'W/"58d6d3fc-2af52"',
23 silly get     age: '188',
23 silly get     connection: 'keep-alive',
23 silly get     'x-served-by': 'cache-sin18028-SIN',
23 silly get     'x-cache': 'HIT',
23 silly get     'x-cache-hits': '2',
23 silly get     'x-timer': 'S1490763702.391456,VS0,VE0',
23 silly get     vary: 'Accept-Encoding' } ]
24 verbose etag https://registry.npmjs.org/bower from cache
25 verbose get saving bower to C:\Users\pavithran\AppData\Roaming\npm-cache\registry.npmjs.org\bower\.cache.json
26 verbose correctMkdir C:\Users\pavithran\AppData\Roaming\npm-cache correctMkdir not in flight; initializing
27 silly install normalizeTree
28 silly loadCurrentTree Finishing
29 silly loadIdealTree Starting
30 silly install loadIdealTree
31 silly cloneCurrentTree Starting
32 silly install cloneCurrentTreeToIdealTree
33 silly cloneCurrentTree Finishing
34 silly loadShrinkwrap Starting
35 silly install loadShrinkwrap
36 silly loadShrinkwrap Finishing
37 silly loadAllDepsIntoIdealTree Starting
38 silly install loadAllDepsIntoIdealTree
39 silly resolveWithNewModule bower@1.8.0 checking installable status
40 silly cache add args [ 'bower', null ]
41 verbose cache add spec bower
42 silly cache add parsed spec Result {
42 silly cache add   raw: 'bower',
42 silly cache add   scope: null,
42 silly cache add   escapedName: 'bower',
42 silly cache add   name: 'bower',
42 silly cache add   rawSpec: '',
42 silly cache add   spec: 'latest',
42 silly cache add   type: 'tag' }
43 silly addNamed bower@latest
44 verbose addNamed "latest" is being treated as a dist-tag for bower
45 info addNameTag [ 'bower', 'latest' ]
46 silly mapToRegistry name bower
47 silly mapToRegistry using default registry
48 silly mapToRegistry registry https://registry.npmjs.org/
49 silly mapToRegistry data Result {
49 silly mapToRegistry   raw: 'bower',
49 silly mapToRegistry   scope: null,
49 silly mapToRegistry   escapedName: 'bower',
49 silly mapToRegistry   name: 'bower',
49 silly mapToRegistry   rawSpec: '',
49 silly mapToRegistry   spec: 'latest',
49 silly mapToRegistry   type: 'tag' }
50 silly mapToRegistry uri https://registry.npmjs.org/bower
51 verbose addNameTag registry:https://registry.npmjs.org/bower not in flight; fetching
52 verbose get https://registry.npmjs.org/bower not expired, no request
53 silly addNameTag next cb for bower with tag latest
54 silly addNamed bower@1.8.0
55 verbose addNamed "1.8.0" is a plain semver version for bower
56 silly mapToRegistry name bower
57 silly mapToRegistry using default registry
58 silly mapToRegistry registry https://registry.npmjs.org/
59 silly mapToRegistry data Result {
59 silly mapToRegistry   raw: 'bower',
59 silly mapToRegistry   scope: null,
59 silly mapToRegistry   escapedName: 'bower',
59 silly mapToRegistry   name: 'bower',
59 silly mapToRegistry   rawSpec: '',
59 silly mapToRegistry   spec: 'latest',
59 silly mapToRegistry   type: 'tag' }
60 silly mapToRegistry uri https://registry.npmjs.org/bower
61 verbose addRemoteTarball https://registry.npmjs.org/bower/-/bower-1.8.0.tgz not in flight; adding
62 verbose addRemoteTarball [ 'https://registry.npmjs.org/bower/-/bower-1.8.0.tgz',
62 verbose addRemoteTarball   '55dbebef0ad9155382d9e9d3e497c1372345b44a' ]
63 info retry fetch attempt 1 at 5:01:42 AM
64 info attempt registry request try #1 at 5:01:42 AM
65 http fetch GET https://registry.npmjs.org/bower/-/bower-1.8.0.tgz
66 http fetch 200 https://registry.npmjs.org/bower/-/bower-1.8.0.tgz
67 info retry will retry, error on last attempt: Error: read ECONNRESET
68 silly fetchAndShaCheck shasum 55dbebef0ad9155382d9e9d3e497c1372345b44a
69 silly rollbackFailedOptional Starting
70 silly rollbackFailedOptional Finishing
71 silly runTopLevelLifecycles Finishing
72 silly install printInstalled
73 verbose stack Error: shasum check failed for C:\Users\PAVITH~1\AppData\Local\Temp\npm-2972-00e510fb\registry.npmjs.org\bower\-\bower-1.8.0.tgz
73 verbose stack Expected: 55dbebef0ad9155382d9e9d3e497c1372345b44a
73 verbose stack Actual:   ac44296199eb2c6b205e0e10b7e4956d31190891
73 verbose stack From:     https://registry.npmjs.org/bower/-/bower-1.8.0.tgz
73 verbose stack     at C:\Program Files\nodejs\node_modules\npm\node_modules\sha\index.js:25:8
73 verbose stack     at ReadStream.<anonymous> (C:\Program Files\nodejs\node_modules\npm\node_modules\sha\index.js:72:7)
73 verbose stack     at emitNone (events.js:91:20)
73 verbose stack     at ReadStream.emit (events.js:185:7)
73 verbose stack     at endReadableNT (_stream_readable.js:974:12)
73 verbose stack     at _combinedTickCallback (internal/process/next_tick.js:74:11)
73 verbose stack     at process._tickCallback (internal/process/next_tick.js:98:9)
74 verbose cwd C:\Users\pavithran\Desktop\DBMS FRO
75 error Windows_NT 10.0.14393
76 error argv "C:\\Program Files\\nodejs\\node.exe" "C:\\Program Files\\nodejs\\node_modules\\npm\\bin\\npm-cli.js" "install" "bower" "--save"
77 error node v6.10.0
78 error npm  v3.10.10
79 error shasum check failed for C:\Users\PAVITH~1\AppData\Local\Temp\npm-2972-00e510fb\registry.npmjs.org\bower\-\bower-1.8.0.tgz
79 error Expected: 55dbebef0ad9155382d9e9d3e497c1372345b44a
79 error Actual:   ac44296199eb2c6b205e0e10b7e4956d31190891
79 error From:     https://registry.npmjs.org/bower/-/bower-1.8.0.tgz
80 error If you need help, you may report this error at:
80 error     <https://github.com/npm/npm/issues>
81 verbose exit [ 1, true ]
